<?xml version="1.0" encoding="UTF-8"?>
<!-- Generated by org.testng.reporters.JUnitReportReporter -->
<testsuite skipped="0" hostname="DESKTOP-PK5TKVK" name="FirstTest" tests="2" failures="0" timestamp="2020-03-28T17:05:40 CET" time="24.201" errors="0">
  <testcase name="clickWindowsStartAndOpenMSWord2" time="11.510" classname="FirstTest"/>
  <system-out/>
  <testcase name="clickWindowsStartAndOpenMSWord" time="12.691" classname="FirstTest"/>
  <system-out/>
</testsuite> <!-- FirstTest -->
